  F1.cpp
D:\new computer\data-structure-lab\Chap02_Array_Class\Chap02_2class\car.h(29,10): warning C4477: 'printf' : 서식 문자열 '%x'에 'unsigned int' 형식의 인수가 필요하지만 variadic 인수 1의 형식이 'Car *'입니다.
D:\new computer\data-structure-lab\Chap02_Array_Class\Chap02_2class\car.h(29,10): warning C4313: 'printf': 서식 문자열의 '%x'이(가) Car *' 형식의 인수 1과(와) 충돌합니다.
D:\new computer\data-structure-lab\Chap02_Array_Class\Chap02_2class\sportcar.h(5,1): error C2504: 'car': 기본 클래스를 정의하지 않았습니다.
D:\new computer\data-structure-lab\Chap02_Array_Class\Chap02_2class\sportcar.h(9,2): error C2059: 구문 오류: '-'
D:\new computer\data-structure-lab\Chap02_Array_Class\Chap02_2class\sportcar.h(9,15): error C2334: '{' 앞에 예기치 않은 토큰이 있습니다. 명백한 함수 본문을 건너뜁니다.
D:\new computer\data-structure-lab\Chap02_Array_Class\Chap02_2class\sportcar.h(15,4): error C2065: 'speed': 선언되지 않은 식별자입니다.
D:\new computer\data-structure-lab\Chap02_Array_Class\Chap02_2class\sportcar.h(17,9): error C2352: 'Car::speedUp': 비정적 멤버 함수를 호출하려면 개체가 필요합니다.
D:\new computer\data-structure-lab\Chap02_Array_Class\Chap02_2class\car.h(22): message : 'Car::speedUp' 선언을 참조하십시오.
D:\new computer\data-structure-lab\Chap02_Array_Class\Chap02_2class\F1.cpp(16,2): error C2059: 구문 오류: 'return'
